[27/01/16 10:24:36] - C:\wamp\www\projets\framework\core\Router.php - No route for :/test/ 
[27/01/16 10:56:42] - C:\wamp\www\projets\framework\core\Router.php - No route for :/ 
[27/01/16 10:57:49] - C:\wamp\www\projets\framework\core\Router.php - No route for :/ 
[27/01/16 11:00:11] - C:\wamp\www\projets\framework\core\Router.php - No route for :/ 
[27/01/16 11:01:12] - C:\wamp\www\projets\framework\core\Router.php - No route for :/ 
[27/01/16 11:01:15] - C:\wamp\www\projets\framework\core\Router.php - No route for :/ 
[27/01/16 11:02:05] - C:\wamp\www\projets\framework\core\Router.php - No route for :/ 
[27/01/16 11:02:34] - C:\wamp\www\projets\framework\core\Router.php - No route for :/ 
[27/01/16 11:02:40] - C:\wamp\www\projets\framework\core\Router.php - No route for :/ 
[27/01/16 11:04:00] - C:\wamp\www\projets\framework\core\Router.php - No route for :/ 
[27/01/16 11:06:04] - C:\wamp\www\projets\framework\core\Router.php - No route for :/ 
[27/01/16 11:06:05] - C:\wamp\www\projets\framework\core\Router.php - No route for :/ 
[27/01/16 11:06:35] - C:\wamp\www\projets\framework\core\Router.php - No route for :/ 
[27/01/16 11:06:42] - C:\wamp\www\projets\framework\core\Router.php - No route for :/ 
[27/01/16 11:06:50] - C:\wamp\www\projets\framework\core\Router.php - No route for :/ 
[27/01/16 11:09:42] - C:\wamp\www\projets\framework\core\Router.php - No route for :/ 
[27/01/16 11:11:00] - C:\wamp\www\projets\framework\core\Router.php - No route for :/ 
[27/01/16 11:13:41] - C:\wamp\www\projets\framework\core\Router.php - No route for :/ 
[27/01/16 11:27:37] - C:\wamp\www\projets\framework\core\Router.php - No route for :/ 
[27/01/16 11:35:17] - C:\wamp\www\projets\framework\core\Router.php - No route for :/ 
[27/01/16 11:35:28] - C:\wamp\www\projets\framework\core\Router.php - No route for :/ 
[27/01/16 11:42:59] - /home/maps_red/sites/projets/framework/core/Router.php - No route for :/
[27/01/16 11:43:00] - /home/maps_red/sites/projets/framework/core/Router.php - No route for :/
[27/01/16 11:47:21] - C:\wamp\www\projets\framework\core\Router.php - No route for :/ 
[27/01/16 11:56:50] - /home/maps_red/sites/projets/framework/core/Router.php - No route for :/
[27/01/16 11:54:19] - C:\wamp\www\projets\framework\core\Router.php - No route for :/ 
[27/01/16 11:54:20] - C:\wamp\www\projets\framework\core\Router.php - No route for :/ 
[27/01/16 11:55:42] - C:\wamp\www\projets\framework\core\Router.php - No route for :/ 
[27/01/16 12:27:29] - C:\wamp\www\projets\framework\core\Router.php - No route for :/test/bonjour/ 
[27/01/16 12:28:40] - C:\wamp\www\projets\framework\core\Router.php - No route for :/test/bonjour/ 
[27/01/16 12:29:58] - C:\wamp\www\projets\framework\core\Router.php - No route for :/test/bonjour/ 
[27/01/16 12:31:04] - C:\wamp\www\projets\framework\core\Router.php - No route for :/test/bonjour/ 
[27/01/16 12:31:56] - C:\wamp\www\projets\framework\core\Router.php - No route for :/test/bonjour 
[27/01/16 12:33:02] - C:\wamp\www\projets\framework\core\Router.php - No route for :/test/bonjour/ 
[27/01/16 12:56:01] - C:\wamp\www\projets\framework\core\Router.php - No route for :/test/bonjour/var=un 
[27/01/16 12:59:14] - C:\wamp\www\projets\framework\core\Router.php - No route for :/test/bonjour/var=un 
[27/01/16 12:59:15] - C:\wamp\www\projets\framework\core\Router.php - No route for :/test/bonjour/var=un 
[30/01/16 16:44:44] - C:\wamp\www\projets\framework\core\Router.php - No route for :/test/bonjour/ok 
[30/01/16 16:46:09] - C:\wamp\www\projets\framework\core\Router.php - No route for :/test/bonjour/ 
[30/01/16 16:47:00] - C:\wamp\www\projets\framework\core\Router.php - No route for :/test/arg 
[30/01/16 16:47:24] - C:\wamp\www\projets\framework\core\Router.php - No route for :/test/arg 
[30/01/16 16:47:34] - C:\wamp\www\projets\framework\core\Router.php - No route for :/test/arg/1 
[30/01/16 16:47:58] - C:\wamp\www\projets\framework\core\Router.php - No route for :/test/arg/1 
[30/01/16 16:48:04] - C:\wamp\www\projets\framework\core\Router.php - No route for :/test/arg/1 
[30/01/16 16:48:58] - C:\wamp\www\projets\framework\core\Router.php - No route for :/test/arg/1 
[30/01/16 16:48:59] - C:\wamp\www\projets\framework\core\Router.php - No route for :/test/arg/1 
[30/01/16 16:49:00] - C:\wamp\www\projets\framework\core\Router.php - No route for :/test/arg/1 
[30/01/16 16:49:10] - C:\wamp\www\projets\framework\core\Router.php - No route for :/test/arg/1 
[30/01/16 16:49:13] - C:\wamp\www\projets\framework\core\Router.php - No route for :/test/arg/1 
[30/01/16 16:49:19] - C:\wamp\www\projets\framework\core\Router.php - No route for :/test/arg/1 
[30/01/16 16:49:41] - C:\wamp\www\projets\framework\core\Router.php - No route for :/test/arg/1 
[30/01/16 16:49:51] - C:\wamp\www\projets\framework\core\Router.php - No route for :/test/arg/1 
[30/01/16 16:49:57] - C:\wamp\www\projets\framework\core\Router.php - No route for :/test/arg/1 
[30/01/16 16:51:28] - C:\wamp\www\projets\framework\core\Router.php - No route for :/test/arg/1 
[30/01/16 16:52:39] - C:\wamp\www\projets\framework\core\Router.php - No route for :/test/arg/1 
[30/01/16 16:52:48] - C:\wamp\www\projets\framework\core\Router.php - No route for :/test/arg/1 
[30/01/16 16:53:27] - C:\wamp\www\projets\framework\core\Router.php - No route for :/test/arg/1 
[30/01/16 16:53:44] - C:\wamp\www\projets\framework\core\Router.php - No route for :/test/arg/1 
[30/01/16 16:54:44] - C:\wamp\www\projets\framework\core\Router.php - No route for :/test/arg/1 
[30/01/16 16:57:32] - C:\wamp\www\projets\framework\core\Router.php - No route for :/test/argu/1 
[30/01/16 16:58:58] - C:\wamp\www\projets\framework\core\Router.php - No route for :/test/argu/1 
[30/01/16 17:00:43] - C:\wamp\www\projets\framework\core\Router.php - No route for :/test/argu/1 
[30/01/16 17:02:31] - C:\wamp\www\projets\framework\core\Router.php - No route for :/test/argu/1 
[30/01/16 17:02:54] - C:\wamp\www\projets\framework\core\Router.php - No route for :/test/argu/1 
[30/01/16 17:03:42] - C:\wamp\www\projets\framework\core\Router.php - No route for :/test/argu/1 
[30/01/16 17:03:46] - C:\wamp\www\projets\framework\core\Router.php - No route for :/test/argu/1 
[30/01/16 17:03:54] - C:\wamp\www\projets\framework\core\Router.php - No route for :/test/argu/1 
[30/01/16 17:05:48] - C:\wamp\www\projets\framework\core\Router.php - No route for :/test/argu/1 
[30/01/16 17:05:52] - C:\wamp\www\projets\framework\core\Router.php - No route for :/test/argu/1 
[30/01/16 17:05:58] - C:\wamp\www\projets\framework\core\Router.php - No route for :/test/argu/1 
[30/01/16 17:08:24] - C:\wamp\www\projets\framework\core\Router.php - No route for :/test/argu/1 
[30/01/16 17:09:03] - C:\wamp\www\projets\framework\core\Router.php - No route for :/test/argu/1 
[30/01/16 17:10:21] - C:\wamp\www\projets\framework\core\Router.php - No route for :/test/argu/1 
[30/01/16 17:10:31] - C:\wamp\www\projets\framework\core\Router.php - No route for :/test/argu/1 
[30/01/16 17:12:53] - C:\wamp\www\projets\framework\core\Router.php - No route for :/test/argu/1 
[30/01/16 17:13:04] - C:\wamp\www\projets\framework\core\Router.php - No route for :/test/argu/1 
[30/01/16 17:14:02] - C:\wamp\www\projets\framework\core\Router.php - No route for :/test/argu/1 
[30/01/16 17:14:25] - C:\wamp\www\projets\framework\core\Router.php - No route for :/test/argu 
[30/01/16 17:15:06] - C:\wamp\www\projets\framework\core\Router.php - No route for :/test/argu 
[30/01/16 17:20:51] - C:\wamp\www\projets\framework\core\Router.php - No route for :/test/argu 
[30/01/16 17:21:04] - C:\wamp\www\projets\framework\core\Router.php - No route for :/test/argu 
[30/01/16 17:21:13] - C:\wamp\www\projets\framework\core\Router.php - No route for :/test/argu 
[30/01/16 17:21:23] - C:\wamp\www\projets\framework\core\Router.php - No route for :/test/argu 
[30/01/16 17:24:51] - C:\wamp\www\projets\framework\core\Router.php - No route for :/test/argu 
[30/01/16 17:25:05] - C:\wamp\www\projets\framework\core\Router.php - No route for :/test/argu 
[30/01/16 17:25:29] - C:\wamp\www\projets\framework\core\Router.php - No route for :/test/argu 
[30/01/16 17:26:10] - C:\wamp\www\projets\framework\core\Router.php - No route for :/test/argu 
[30/01/16 17:26:12] - C:\wamp\www\projets\framework\core\Router.php - No route for :/test/argu 
[30/01/16 17:26:18] - C:\wamp\www\projets\framework\core\Router.php - No route for :/test/argu 
[30/01/16 17:27:09] - C:\wamp\www\projets\framework\core\Router.php - No route for :/test/argu 
[30/01/16 17:27:18] - C:\wamp\www\projets\framework\core\Router.php - No route for :/test/argu 
[30/01/16 17:35:44] - C:\wamp\www\projets\framework\core\Router.php - No route for :/test/argg/100 
[30/01/16 17:36:09] - C:\wamp\www\projets\framework\core\Router.php - No route for :/test/argg/100/200 
[30/01/16 17:36:24] - C:\wamp\www\projets\framework\core\Router.php - No route for :/test/argg/100/200 
[30/01/16 17:36:51] - C:\wamp\www\projets\framework\core\Router.php - No route for :/test/argg/100/200 
[30/01/16 17:37:07] - C:\wamp\www\projets\framework\core\Router.php - No route for :/test/argg/100/200 
[30/01/16 17:38:44] - C:\wamp\www\projets\framework\core\Router.php - No route for :/test/arg/100/200 
[30/01/16 17:39:15] - C:\wamp\www\projets\framework\core\Router.php - No route for :/test/argg/100/200 
[30/01/16 17:40:51] - C:\wamp\www\projets\framework\core\Router.php - No route for :Test:bonjour 
[30/01/16 17:42:14] - C:\wamp\www\projets\framework\core\Router.php - No route for :/test/arg/100/200 
[30/01/16 17:42:23] - C:\wamp\www\projets\framework\core\Router.php - No route for :/test/arg/100/200 
[30/01/16 17:42:43] - C:\wamp\www\projets\framework\core\Router.php - No route for :/test/arg/100/200 
[30/01/16 17:43:23] - C:\wamp\www\projets\framework\core\Router.php - No route for :/test/arg/100/200 
[30/01/16 17:43:58] - C:\wamp\www\projets\framework\core\Router.php - No route for :/test/arg/100/200 
[30/01/16 17:44:08] - C:\wamp\www\projets\framework\core\Router.php - No route for :/test/arg/100/200 
[30/01/16 17:44:19] - C:\wamp\www\projets\framework\core\Router.php - No route for :/test/arg/100/200 
[30/01/16 17:46:20] - C:\wamp\www\projets\framework\core\Router.php - No route for :/test/arg/100/200 
[30/01/16 17:46:32] - C:\wamp\www\projets\framework\core\Router.php - No route for :/test/arg/100/200 
[30/01/16 17:46:56] - C:\wamp\www\projets\framework\core\Router.php - No route for :/test/arg/100/200 
[30/01/16 17:47:23] - C:\wamp\www\projets\framework\core\Router.php - No route for :/test/arg/100/200 
[30/01/16 17:48:44] - C:\wamp\www\projets\framework\core\Router.php - No route for :/test/arg/100/200 
[30/01/16 17:48:44] - C:\wamp\www\projets\framework\core\Router.php - No route for :/test/arg/100/200 
[30/01/16 17:50:53] - C:\wamp\www\projets\framework\core\Router.php - No route for :/test/arg/100/200 
[30/01/16 17:51:07] - C:\wamp\www\projets\framework\core\Router.php - No route for :/test/arg/100/200 
[30/01/16 17:51:16] - C:\wamp\www\projets\framework\core\Router.php - No route for :/test/arg/100/200 
[30/01/16 17:51:20] - C:\wamp\www\projets\framework\core\Router.php - No route for :/test/arg/100/200 
[30/01/16 17:51:28] - C:\wamp\www\projets\framework\core\Router.php - No route for :/test/arg/100/200 
[30/01/16 17:51:34] - C:\wamp\www\projets\framework\core\Router.php - No route for :/test/arg/100/200 
[30/01/16 17:52:29] - C:\wamp\www\projets\framework\core\Router.php - No route for :/test/arg/100/200 
[30/01/16 17:54:19] - C:\wamp\www\projets\framework\core\Router.php - No route for :/test/arg/100/200 
[30/01/16 17:54:36] - C:\wamp\www\projets\framework\core\Router.php - No route for :/test/arg/100/200 
[30/01/16 17:54:41] - C:\wamp\www\projets\framework\core\Router.php - No route for :/test/arg/100/200 
[30/01/16 17:55:58] - C:\wamp\www\projets\framework\core\Router.php - No route for :/test/arg/100/200 
[30/01/16 17:56:24] - C:\wamp\www\projets\framework\core\Router.php - No route for :/test/arg/100/200 
[30/01/16 17:56:47] - C:\wamp\www\projets\framework\core\Router.php - No route for :/test/arg/100/200 
[30/01/16 17:57:22] - C:\wamp\www\projets\framework\core\Router.php - No route for :/test/arg/100/200 
[30/01/16 17:57:40] - C:\wamp\www\projets\framework\core\Router.php - No route for :/test/arg/100/200 
[30/01/16 17:58:16] - C:\wamp\www\projets\framework\core\Router.php - No route for :/test/arg/100/200 
[30/01/16 17:58:36] - C:\wamp\www\projets\framework\core\Router.php - No route for :/test/arg/100/200 
[30/01/16 17:58:44] - C:\wamp\www\projets\framework\core\Router.php - No route for :/test/arg/100/200 
[30/01/16 17:59:11] - C:\wamp\www\projets\framework\core\Router.php - No route for :/test/arg/100/200 
[30/01/16 17:59:29] - C:\wamp\www\projets\framework\core\Router.php - No route for :/test/arg/100/200 
[30/01/16 17:59:31] - C:\wamp\www\projets\framework\core\Router.php - No route for :/test/arg/100/200 
[30/01/16 17:59:32] - C:\wamp\www\projets\framework\core\Router.php - No route for :/test/arg/100/200 
[30/01/16 18:00:05] - C:\wamp\www\projets\framework\core\Router.php - No route for :/test/arg/100/200 
[30/01/16 18:00:27] - C:\wamp\www\projets\framework\core\Router.php - No route for :/test/arg/100/200 
[30/01/16 18:00:29] - C:\wamp\www\projets\framework\core\Router.php - No route for :/test/arg/100/200 
[30/01/16 18:00:30] - C:\wamp\www\projets\framework\core\Router.php - No route for :/test/arg/100/200 
[30/01/16 18:00:36] - C:\wamp\www\projets\framework\core\Router.php - No route for :/test/arg/100/200 
[30/01/16 18:00:43] - C:\wamp\www\projets\framework\core\Router.php - No route for :/test/arg/100/200 
[30/01/16 18:01:06] - C:\wamp\www\projets\framework\core\Router.php - No route for :/test/arg/100/200 
[30/01/16 18:01:29] - C:\wamp\www\projets\framework\core\Router.php - No route for :/test/arg/100/200 
[30/01/16 18:01:32] - C:\wamp\www\projets\framework\core\Router.php - No route for :/test/arg/100/200 
[30/01/16 18:01:32] - C:\wamp\www\projets\framework\core\Router.php - No route for :/test/arg/100/200 
[30/01/16 18:01:37] - C:\wamp\www\projets\framework\core\Router.php - No route for :/test/arg/100/200 
[30/01/16 18:02:05] - C:\wamp\www\projets\framework\core\Router.php - No route for :/test/arg/100/200 
[30/01/16 18:02:14] - C:\wamp\www\projets\framework\core\Router.php - No route for :/test/arg/100/200 
[30/01/16 18:02:33] - C:\wamp\www\projets\framework\core\Router.php - No route for :/test/arg/100/200 
[30/01/16 18:02:55] - C:\wamp\www\projets\framework\core\Router.php - No route for :/test/arg/100/200 
[30/01/16 18:02:56] - C:\wamp\www\projets\framework\core\Router.php - No route for :/test/arg/100/200 
[30/01/16 18:03:06] - C:\wamp\www\projets\framework\core\Router.php - No route for :/test/arg/100/200 
[30/01/16 18:03:12] - C:\wamp\www\projets\framework\core\Router.php - No route for :/test/arg/100/200 
[30/01/16 18:03:13] - C:\wamp\www\projets\framework\core\Router.php - No route for :/test/arg/100/200 
[30/01/16 18:03:26] - C:\wamp\www\projets\framework\core\Router.php - No route for :/test/arg/100/200 
[30/01/16 18:03:33] - C:\wamp\www\projets\framework\core\Router.php - No route for :/test/arg/100/200 
[30/01/16 18:03:35] - C:\wamp\www\projets\framework\core\Router.php - No route for :/test/arg/100/200 
[30/01/16 18:03:59] - C:\wamp\www\projets\framework\core\Router.php - No route for :/test/arg/100/200 
[30/01/16 18:04:00] - C:\wamp\www\projets\framework\core\Router.php - No route for :/test/arg/100/200 
[30/01/16 18:05:31] - C:\wamp\www\projets\framework\core\Router.php - No route for :/test/arg/100/200 
[30/01/16 18:06:31] - C:\wamp\www\projets\framework\core\Router.php - No route for :/test/arg/100/200 
[30/01/16 18:06:37] - C:\wamp\www\projets\framework\core\Router.php - No route for :/test/arg/100/200 
[30/01/16 18:07:06] - C:\wamp\www\projets\framework\core\Router.php - No route for :/test/arg/100/200 
[30/01/16 18:09:43] - C:\wamp\www\projets\framework\core\Router.php - No route for :/test/arg/100/200 
[30/01/16 18:09:53] - C:\wamp\www\projets\framework\core\Router.php - No route for :/test/arg/100/200 
[30/01/16 18:17:54] - C:\wamp\www\projets\framework\core\Router.php - No route for :/test/arg/100/200 
[30/01/16 18:18:16] - C:\wamp\www\projets\framework\core\Router.php - No route for :/test/arg/100/200 
[30/01/16 18:18:38] - C:\wamp\www\projets\framework\core\Router.php - No route for :/test/arg/100/200 
[30/01/16 18:18:40] - C:\wamp\www\projets\framework\core\Router.php - No route for :/test/arg/100/200 
[30/01/16 18:24:23] - C:\wamp\www\projets\framework\core\Router.php - No route for :/test/arg/100/200 
[30/01/16 18:28:40] - C:\wamp\www\projets\framework\core\Router.php - No route for :/test/arg/100/200 
[30/01/16 18:29:00] - C:\wamp\www\projets\framework\core\Router.php - No route for :/test/arg/100/200 
[30/01/16 18:29:47] - C:\wamp\www\projets\framework\core\Router.php - No route for :/test/arg/100/200 
[30/01/16 18:31:04] - C:\wamp\www\projets\framework\core\Router.php - No route for :/test/arg/100/200 
[30/01/16 18:31:41] - C:\wamp\www\projets\framework\core\Router.php - No route for :/test/arg/100/200 
[30/01/16 18:31:53] - C:\wamp\www\projets\framework\core\Router.php - No route for :/test/arg/100/200 
[30/01/16 18:32:00] - C:\wamp\www\projets\framework\core\Router.php - No route for :/test/arg/100/200 
[30/01/16 18:32:06] - C:\wamp\www\projets\framework\core\Router.php - No route for :/test/arg/100/200 
[1/02/16 11:53:12] - C:\wamp\www\projets\framework\core\Router.php - No route for : 
[1/02/16 12:02:39] - C:\wamp\www\projets\framework\core\Router.php - No route for : 
[1/02/16 12:02:44] - C:\wamp\www\projets\framework\core\Router.php - No route for : 
[1/02/16 12:03:13] - C:\wamp\www\projets\framework\core\Router.php - No route for : 
[1/02/16 12:03:30] - C:\wamp\www\projets\framework\core\Router.php - No route for : 
[1/02/16 12:03:36] - C:\wamp\www\projets\framework\core\Router.php - No route for : 
[1/02/16 12:03:40] - C:\wamp\www\projets\framework\core\Router.php - No route for : 
[1/02/16 12:03:52] - C:\wamp\www\projets\framework\core\Router.php - No route for : 
[1/02/16 12:04:11] - C:\wamp\www\projets\framework\core\Router.php - No route for : 
[1/02/16 12:04:22] - C:\wamp\www\projets\framework\core\Router.php - No route for : 
[1/02/16 12:04:36] - C:\wamp\www\projets\framework\core\Router.php - No route for : 
[1/02/16 12:04:41] - C:\wamp\www\projets\framework\core\Router.php - No route for : 
[1/02/16 12:04:41] - C:\wamp\www\projets\framework\core\Router.php - No route for : 
[1/02/16 12:05:15] - C:\wamp\www\projets\framework\core\Router.php - No route for : 
[1/02/16 12:05:22] - C:\wamp\www\projets\framework\core\Router.php - No route for : 
[4/02/16 17:30:22] - C:\wamp\www\projets\framework\core\router.php - No route for : 
[4/02/16 17:44:11] - C:\wamp\www\projets\framework\core\router.php - No route for : 
